<?xml version="1.0" encoding="UTF-8"?>
<!-- Generated by org.testng.reporters.JUnitReportReporter -->
<testsuite skipped="0" hostname="Babu" name="test.TestCase4" tests="2" failures="0" timestamp="2020-03-13T14:46:33 IST" time="0.055" errors="0">
  <testcase name="test7" time="0.036" classname="test.TestCase4"/>
  <system-out/>
  <testcase name="test8" time="0.019" classname="test.TestCase4"/>
  <system-out/>
</testsuite> <!-- test.TestCase4 -->
