<?xml version="1.0" encoding="UTF-8"?>
<!-- Generated by org.testng.reporters.JUnitReportReporter -->
<testsuite skipped="0" hostname="Babu" name="test.TestCase2" tests="2" failures="0" timestamp="2020-03-13T14:46:33 IST" time="0.072" errors="0">
  <testcase name="test3" time="0.031" classname="test.TestCase2"/>
  <system-out/>
  <testcase name="test4" time="0.041" classname="test.TestCase2"/>
  <system-out/>
</testsuite> <!-- test.TestCase2 -->
