<?xml version="1.0" encoding="UTF-8"?>
<!-- Generated by org.testng.reporters.JUnitReportReporter -->
<testsuite skipped="0" hostname="Babu" name="test.New" tests="2" failures="0" timestamp="2020-03-13T13:48:01 IST" time="0.022" errors="0">
  <testcase name="test2" time="0.003" classname="test.New"/>
  <system-out/>
  <testcase name="test1" time="0.019" classname="test.New"/>
  <system-out/>
</testsuite> <!-- test.New -->
