<?xml version="1.0" encoding="UTF-8"?>
<!-- Generated by org.testng.reporters.JUnitReportReporter -->
<testsuite skipped="0" hostname="Babu" name="test.TestCase1" tests="2" failures="0" timestamp="2020-03-13T14:46:33 IST" time="0.064" errors="0">
  <testcase name="test1" time="0.021" classname="test.TestCase1"/>
  <system-out/>
  <testcase name="test2" time="0.043" classname="test.TestCase1"/>
  <system-out/>
</testsuite> <!-- test.TestCase1 -->
