<?xml version="1.0" encoding="UTF-8"?>
<!-- Generated by org.testng.reporters.JUnitReportReporter -->
<testsuite skipped="0" hostname="Babu" name="test.TestCase3" tests="2" failures="0" timestamp="2020-03-13T14:46:33 IST" time="0.045" errors="0">
  <testcase name="test6" time="0.021" classname="test.TestCase3"/>
  <system-out/>
  <testcase name="test5" time="0.024" classname="test.TestCase3"/>
  <system-out/>
</testsuite> <!-- test.TestCase3 -->
