<?xml version="1.0" encoding="UTF-8"?>
<!-- Generated by org.testng.reporters.JUnitReportReporter -->
<testsuite skipped="0" hostname="Babu" name="TestProgram.TestCase1" tests="1" failures="0" timestamp="2020-03-11T16:51:39 IST" time="0.018" errors="0">
  <testcase name="testCase" time="0.018" classname="TestProgram.TestCase1"/>
</testsuite> <!-- TestProgram.TestCase1 -->
